# JRE version: OpenJDK Runtime Environment Temurin-17.0.4.1+1 (17.0.4.1+1) (build 17.0.4.1+1)
# Java VM: OpenJDK 64-Bit Server VM Temurin-17.0.4.1+1 (17.0.4.1+1, mixed mode, emulated-client, tiered, compressed oops, compressed class ptrs, g1 gc, windows-amd64)
GC Precious Log:
 CPUs: 4 total, 4 available
 Memory: 7610M
 Large Page Support: Disabled
 NUMA Support: Disabled
 Compressed Oops: Enabled (32-bit)
 Heap Region Size: 1M
 Heap Min Capacity: 8M
 Heap Initial Capacity: 120M
 Heap Max Capacity: 1904M
 Pre-touch: Disabled
 Parallel Workers: 4
 Concurrent Workers: 1
 Concurrent Refinement Workers: 4
 Periodic GC: Disabled
Heap:
 garbage-first heap   total 78848K, used 40079K [0x0000000089000000, 0x0000000100000000)
  region size 1024K, 12 young (12288K), 2 survivors (2048K)
 Metaspace       used 69980K, committed 70464K, reserved 1114112K
  class space    used 9426K, committed 9664K, reserved 1048576K
GC Heap History (20 events):
Event: 8.141 GC heap before
{Heap before GC invocations=15 (full 0):
 garbage-first heap   total 65536K, used 48611K [0x0000000089000000, 0x0000000100000000)
  region size 1024K, 29 young (29696K), 2 survivors (2048K)
 Metaspace       used 57137K, committed 57536K, reserved 1105920K
  class space    used 7638K, committed 7808K, reserved 1048576K
}
Event: 8.150 GC heap after
{Heap after GC invocations=16 (full 0):
 garbage-first heap   total 65536K, used 22113K [0x0000000089000000, 0x0000000100000000)
  region size 1024K, 3 young (3072K), 3 survivors (3072K)
 Metaspace       used 57137K, committed 57536K, reserved 1105920K
  class space    used 7638K, committed 7808K, reserved 1048576K
}
Event: 8.706 GC heap before
{Heap before GC invocations=16 (full 0):
 garbage-first heap   total 65536K, used 45665K [0x0000000089000000, 0x0000000100000000)
  region size 1024K, 28 young (28672K), 3 survivors (3072K)
 Metaspace       used 60371K, committed 60736K, reserved 1105920K
  class space    used 8111K, committed 8320K, reserved 1048576K
}
Event: 8.715 GC heap after
{Heap after GC invocations=17 (full 0):
 garbage-first heap   total 65536K, used 23828K [0x0000000089000000, 0x0000000100000000)
  region size 1024K, 4 young (4096K), 4 survivors (4096K)
 Metaspace       used 60371K, committed 60736K, reserved 1105920K
  class space    used 8111K, committed 8320K, reserved 1048576K
}
Event: 9.384 GC heap before
{Heap before GC invocations=18 (full 0):
 garbage-first heap   total 65536K, used 50452K [0x0000000089000000, 0x0000000100000000)
  region size 1024K, 30 young (30720K), 4 survivors (4096K)
 Metaspace       used 62521K, committed 62976K, reserved 1105920K
  class space    used 8456K, committed 8640K, reserved 1048576K
}
Event: 9.394 GC heap after
{Heap after GC invocations=19 (full 0):
 garbage-first heap   total 65536K, used 26254K [0x0000000089000000, 0x0000000100000000)
  region size 1024K, 4 young (4096K), 4 survivors (4096K)
 Metaspace       used 62521K, committed 62976K, reserved 1105920K
  class space    used 8456K, committed 8640K, reserved 1048576K
}
Event: 26.710 GC heap before
{Heap before GC invocations=19 (full 0):
 garbage-first heap   total 65536K, used 49806K [0x0000000089000000, 0x0000000100000000)
  region size 1024K, 28 young (28672K), 4 survivors (4096K)
 Metaspace       used 66991K, committed 67456K, reserved 1114112K
  class space    used 9052K, committed 9280K, reserved 1048576K
}
Event: 26.722 GC heap after
{Heap after GC invocations=20 (full 0):
 garbage-first heap   total 78848K, used 29166K [0x0000000089000000, 0x0000000100000000)
  region size 1024K, 4 young (4096K), 4 survivors (4096K)
 Metaspace       used 66991K, committed 67456K, reserved 1114112K
  class space    used 9052K, committed 9280K, reserved 1048576K
}
Event: 259.302 GC heap before
{Heap before GC invocations=20 (full 0):
 garbage-first heap   total 78848K, used 60910K [0x0000000089000000, 0x0000000100000000)
  region size 1024K, 35 young (35840K), 4 survivors (4096K)
 Metaspace       used 69691K, committed 70208K, reserved 1114112K
  class space    used 9378K, committed 9600K, reserved 1048576K
}
Event: 259.308 GC heap after
{Heap after GC invocations=21 (full 0):
 garbage-first heap   total 78848K, used 30505K [0x0000000089000000, 0x0000000100000000)
  region size 1024K, 2 young (2048K), 2 survivors (2048K)
 Metaspace       used 69691K, committed 70208K, reserved 1114112K
  class space    used 9378K, committed 9600K, reserved 1048576K
}
Event: 624.233 GC heap before
{Heap before GC invocations=21 (full 0):
 garbage-first heap   total 78848K, used 61225K [0x0000000089000000, 0x0000000100000000)
  region size 1024K, 32 young (32768K), 2 survivors (2048K)
 Metaspace       used 69691K, committed 70208K, reserved 1114112K
  class space    used 9378K, committed 9600K, reserved 1048576K
}
Event: 624.236 GC heap after
{Heap after GC invocations=22 (full 0):
 garbage-first heap   total 78848K, used 30114K [0x0000000089000000, 0x0000000100000000)
  region size 1024K, 2 young (2048K), 2 survivors (2048K)
 Metaspace       used 69691K, committed 70208K, reserved 1114112K
  class space    used 9378K, committed 9600K, reserved 1048576K
}
Event: 1015.975 GC heap before
{Heap before GC invocations=22 (full 0):
 garbage-first heap   total 78848K, used 62882K [0x0000000089000000, 0x0000000100000000)
  region size 1024K, 34 young (34816K), 2 survivors (2048K)
 Metaspace       used 69693K, committed 70208K, reserved 1114112K
  class space    used 9379K, committed 9600K, reserved 1048576K
}
Event: 1015.979 GC heap after
{Heap after GC invocations=23 (full 0):
 garbage-first heap   total 78848K, used 30130K [0x0000000089000000, 0x0000000100000000)
  region size 1024K, 2 young (2048K), 2 survivors (2048K)
 Metaspace       used 69693K, committed 70208K, reserved 1114112K
  class space    used 9379K, committed 9600K, reserved 1048576K
}
Event: 1346.156 GC heap before
{Heap before GC invocations=23 (full 0):
 garbage-first heap   total 78848K, used 63922K [0x0000000089000000, 0x0000000100000000)
  region size 1024K, 35 young (35840K), 2 survivors (2048K)
 Metaspace       used 69719K, committed 70208K, reserved 1114112K
  class space    used 9382K, committed 9600K, reserved 1048576K
}
Event: 1346.159 GC heap after
{Heap after GC invocations=24 (full 0):
 garbage-first heap   total 78848K, used 30212K [0x0000000089000000, 0x0000000100000000)
  region size 1024K, 2 young (2048K), 2 survivors (2048K)
 Metaspace       used 69719K, committed 70208K, reserved 1114112K
  class space    used 9382K, committed 9600K, reserved 1048576K
}
Event: 1696.556 GC heap before
{Heap before GC invocations=24 (full 0):
 garbage-first heap   total 78848K, used 65028K [0x0000000089000000, 0x0000000100000000)
  region size 1024K, 36 young (36864K), 2 survivors (2048K)
 Metaspace       used 69719K, committed 70208K, reserved 1114112K
  class space    used 9382K, committed 9600K, reserved 1048576K
}
Event: 1696.559 GC heap after
{Heap after GC invocations=25 (full 0):
 garbage-first heap   total 78848K, used 30215K [0x0000000089000000, 0x0000000100000000)
  region size 1024K, 2 young (2048K), 2 survivors (2048K)
 Metaspace       used 69719K, committed 70208K, reserved 1114112K
  class space    used 9382K, committed 9600K, reserved 1048576K
}
Event: 1916.664 GC heap before
{Heap before GC invocations=25 (full 0):
 garbage-first heap   total 78848K, used 66055K [0x0000000089000000, 0x0000000100000000)
  region size 1024K, 37 young (37888K), 2 survivors (2048K)
 Metaspace       used 69888K, committed 70336K, reserved 1114112K
  class space    used 9406K, committed 9600K, reserved 1048576K
}
Event: 1916.668 GC heap after
{Heap after GC invocations=26 (full 0):
 garbage-first heap   total 78848K, used 30863K [0x0000000089000000, 0x0000000100000000)
  region size 1024K, 2 young (2048K), 2 survivors (2048K)
 Metaspace       used 69888K, committed 70336K, reserved 1114112K
  class space    used 9406K, committed 9600K, reserved 1048576K
}

